<?xml version="1.0" encoding="UTF-8"?>
<!-- Generated by org.testng.reporters.JUnitReportReporter -->
<testsuite hostname="Chetak" failures="0" tests="1" name="com.client.NM_HospitalManage.Module.DisplayAdminDashboardTest" time="1.783" errors="0" timestamp="2025-10-15T15:56:37 IST" skipped="0">
  <testcase classname="com.client.NM_HospitalManage.Module.DisplayAdminDashboardTest" name="adminPagetest" time="1.783"/>
</testsuite> <!-- com.client.NM_HospitalManage.Module.DisplayAdminDashboardTest -->
